22:20:54,318 memes_preprocessing INFO Preprocessing 35290 memes using 16 istances.
22:23:33,255 memes_preprocessing ERROR Cannot process image9xdsk6.png./tFull log: unhashable type: 'PngImageFile'
22:23:33,255 memes_preprocessing ERROR Cannot process image9tdrbw.png./tFull log: unhashable type: 'PngImageFile'
22:23:33,256 memes_preprocessing ERROR Cannot process image1s7v92.png./tFull log: unhashable type: 'PngImageFile'
22:23:55,756 Preprocessing INFO Preprocessing 35286 memes using 8 istances.
22:23:56,57 Preprocessing ERROR Cannot process image14ipn0.png./tFull log: local variable 'generic_exception' referenced before assignment
22:23:56,106 Preprocessing ERROR Cannot process image14iq88.png./tFull log: local variable 'generic_exception' referenced before assignment
22:23:56,171 Preprocessing ERROR Cannot process image14iqen.png./tFull log: local variable 'generic_exception' referenced before assignment
22:23:56,331 Preprocessing ERROR Cannot process image14iqfz.png./tFull log: local variable 'generic_exception' referenced before assignment
22:23:56,689 Preprocessing ERROR Cannot process image14iqig.png./tFull log: local variable 'generic_exception' referenced before assignment
22:23:56,836 Preprocessing ERROR Cannot process image14iqou.png./tFull log: local variable 'generic_exception' referenced before assignment
22:23:56,882 Preprocessing ERROR Cannot process image9sxgzs.png./tFull log: local variable 'generic_exception' referenced before assignment
22:23:56,937 Preprocessing ERROR Cannot process image9sxh5s.png./tFull log: local variable 'generic_exception' referenced before assignment
22:23:56,941 Preprocessing ERROR Cannot process image14iqtb.png./tFull log: local variable 'generic_exception' referenced before assignment
22:23:57,24 Preprocessing ERROR Cannot process image14irg6.png./tFull log: local variable 'generic_exception' referenced before assignment
22:23:57,226 Preprocessing ERROR Cannot process image14irr1.png./tFull log: local variable 'generic_exception' referenced before assignment
22:23:57,414 Preprocessing ERROR Cannot process image14iruy.png./tFull log: local variable 'generic_exception' referenced before assignment
22:23:57,480 Preprocessing ERROR Cannot process image14is51.png./tFull log: local variable 'generic_exception' referenced before assignment
22:23:57,545 Preprocessing ERROR Cannot process image14is7s.png./tFull log: local variable 'generic_exception' referenced before assignment
22:23:57,594 Preprocessing ERROR Cannot process image14isa3.png./tFull log: local variable 'generic_exception' referenced before assignment
22:23:57,658 Preprocessing ERROR Cannot process image14isgw.png./tFull log: local variable 'generic_exception' referenced before assignment
22:23:57,746 Preprocessing ERROR Cannot process image14iswm.png./tFull log: local variable 'generic_exception' referenced before assignment
22:23:57,767 Preprocessing ERROR Cannot process image14isx0.png./tFull log: local variable 'generic_exception' referenced before assignment
22:23:57,809 Preprocessing ERROR Cannot process image27l73a.png./tFull log: local variable 'generic_exception' referenced before assignment
22:23:57,894 Preprocessing ERROR Cannot process image27l77u.png./tFull log: local variable 'generic_exception' referenced before assignment
22:23:57,919 Preprocessing ERROR Cannot process image14isxw.png./tFull log: local variable 'generic_exception' referenced before assignment
22:23:58,24 Preprocessing ERROR Cannot process image14it32.png./tFull log: local variable 'generic_exception' referenced before assignment
22:23:58,158 Preprocessing ERROR Cannot process image14it81.png./tFull log: local variable 'generic_exception' referenced before assignment
22:23:58,186 Preprocessing ERROR Cannot process image9xeubo.png./tFull log: local variable 'generic_exception' referenced before assignment
22:23:58,221 Preprocessing ERROR Cannot process image14itgl.png./tFull log: local variable 'generic_exception' referenced before assignment
22:23:58,527 Preprocessing ERROR Cannot process image9xeufj.png./tFull log: local variable 'generic_exception' referenced before assignment
22:23:58,547 Preprocessing ERROR Cannot process image9xeuqc.png./tFull log: local variable 'generic_exception' referenced before assignment
22:23:58,550 Preprocessing ERROR Cannot process image14itsn.png./tFull log: local variable 'generic_exception' referenced before assignment
22:23:58,560 Preprocessing ERROR Cannot process image3m3o1e.png./tFull log: local variable 'generic_exception' referenced before assignment
22:23:58,626 Preprocessing ERROR Cannot process image3m3p91.png./tFull log: local variable 'generic_exception' referenced before assignment
22:23:58,704 Preprocessing ERROR Cannot process image14itt6.png./tFull log: local variable 'generic_exception' referenced before assignment
22:23:58,724 Preprocessing ERROR Cannot process image9xev47.png./tFull log: local variable 'generic_exception' referenced before assignment
22:23:58,772 Preprocessing ERROR Cannot process image3m3rfq.png./tFull log: local variable 'generic_exception' referenced before assignment
22:23:58,869 Preprocessing ERROR Cannot process image3m3rlz.png./tFull log: local variable 'generic_exception' referenced before assignment
22:23:58,955 Preprocessing ERROR Cannot process image3m3rtt.png./tFull log: local variable 'generic_exception' referenced before assignment
22:23:59,17 Preprocessing ERROR Cannot process image1wpee1.png./tFull log: local variable 'generic_exception' referenced before assignment
22:23:59,117 Preprocessing ERROR Cannot process image3m3tqv.png./tFull log: local variable 'generic_exception' referenced before assignment
22:23:59,195 Preprocessing ERROR Cannot process image9xev9d.png./tFull log: local variable 'generic_exception' referenced before assignment
22:23:59,212 Preprocessing ERROR Cannot process image3m3vvr.png./tFull log: local variable 'generic_exception' referenced before assignment
22:23:59,278 Preprocessing ERROR Cannot process image3m3w3n.png./tFull log: local variable 'generic_exception' referenced before assignment
22:23:59,334 Preprocessing ERROR Cannot process image9tdos1.png./tFull log: local variable 'generic_exception' referenced before assignment
22:23:59,348 Preprocessing ERROR Cannot process imageacufqv.png./tFull log: local variable 'generic_exception' referenced before assignment
22:23:59,381 Preprocessing ERROR Cannot process image3m3xa0.png./tFull log: local variable 'generic_exception' referenced before assignment
22:23:59,453 Preprocessing ERROR Cannot process image3m3yhb.png./tFull log: local variable 'generic_exception' referenced before assignment
22:23:59,490 Preprocessing ERROR Cannot process imageacufs6.png./tFull log: local variable 'generic_exception' referenced before assignment
22:23:59,513 Preprocessing ERROR Cannot process image9xew4g.png./tFull log: local variable 'generic_exception' referenced before assignment
22:23:59,528 Preprocessing ERROR Cannot process image9tdp3k.png./tFull log: local variable 'generic_exception' referenced before assignment
22:24:02,549 Preprocessing ERROR Cannot process image8vefgg.png./tFull log: local variable 'generic_exception' referenced before assignment
22:24:02,550 Preprocessing ERROR Cannot process image9tdpgu.png./tFull log: local variable 'generic_exception' referenced before assignment
22:24:02,576 Preprocessing ERROR Cannot process image1s901o.png./tFull log: local variable 'generic_exception' referenced before assignment
22:24:02,641 Preprocessing ERROR Cannot process image1s902a.png./tFull log: local variable 'generic_exception' referenced before assignment
22:24:02,676 Preprocessing ERROR Cannot process imageacug3v.png./tFull log: local variable 'generic_exception' referenced before assignment
22:24:02,708 Preprocessing ERROR Cannot process image9xewai.png./tFull log: local variable 'generic_exception' referenced before assignment
22:24:02,761 Preprocessing ERROR Cannot process image9tb55m.png./tFull log: local variable 'generic_exception' referenced before assignment
22:24:02,798 Preprocessing ERROR Cannot process imageacugfh.png./tFull log: local variable 'generic_exception' referenced before assignment
22:24:02,842 Preprocessing ERROR Cannot process imagefax9a.png./tFull log: local variable 'generic_exception' referenced before assignment
22:24:02,844 Preprocessing ERROR Cannot process image9tdpwr.png./tFull log: local variable 'generic_exception' referenced before assignment
22:24:02,911 Preprocessing ERROR Cannot process imagefb3a9.png./tFull log: local variable 'generic_exception' referenced before assignment
22:24:02,958 Preprocessing ERROR Cannot process image8vtszh.png./tFull log: local variable 'generic_exception' referenced before assignment
22:24:03,12 Preprocessing ERROR Cannot process image9tdpy3.png./tFull log: local variable 'generic_exception' referenced before assignment
22:24:03,38 Preprocessing ERROR Cannot process image3m3z9p.png./tFull log: local variable 'generic_exception' referenced before assignment
22:24:03,84 Preprocessing ERROR Cannot process image9tb57x.png./tFull log: local variable 'generic_exception' referenced before assignment
22:24:03,106 Preprocessing ERROR Cannot process image1s902x.png./tFull log: local variable 'generic_exception' referenced before assignment
22:24:03,120 Preprocessing ERROR Cannot process imageacugid.png./tFull log: local variable 'generic_exception' referenced before assignment
22:24:03,132 Preprocessing ERROR Cannot process image8vttr5.png./tFull log: local variable 'generic_exception' referenced before assignment
22:24:03,134 Preprocessing ERROR Cannot process imagefb7nc.png./tFull log: local variable 'generic_exception' referenced before assignment
22:24:03,406 Preprocessing ERROR Cannot process image9xewff.png./tFull log: local variable 'generic_exception' referenced before assignment
22:24:06,766 Preprocessing ERROR Cannot process imagefbe71.png./tFull log: local variable 'generic_exception' referenced before assignment
22:24:06,815 Preprocessing ERROR Cannot process image1s903s.png./tFull log: local variable 'generic_exception' referenced before assignment
22:24:06,824 Preprocessing ERROR Cannot process imageacugkm.png./tFull log: local variable 'generic_exception' referenced before assignment
22:24:06,849 Preprocessing ERROR Cannot process image9tb5kd.png./tFull log: local variable 'generic_exception' referenced before assignment
22:24:06,896 Preprocessing ERROR Cannot process image8vtue0.png./tFull log: local variable 'generic_exception' referenced before assignment
22:24:07,54 Preprocessing ERROR Cannot process image9xewht.png./tFull log: local variable 'generic_exception' referenced before assignment
22:24:07,608 Preprocessing ERROR Cannot process image9tdpy9.png./tFull log: local variable 'generic_exception' referenced before assignment
22:24:12,346 Preprocessing ERROR Cannot process imagefbh61.png./tFull log: local variable 'generic_exception' referenced before assignment
22:24:14,803 Preprocessing ERROR Cannot process image9tdq68.png./tFull log: local variable 'generic_exception' referenced before assignment
22:24:14,882 Preprocessing ERROR Cannot process image1s904l.png./tFull log: local variable 'generic_exception' referenced before assignment
22:24:15,206 Preprocessing ERROR Cannot process image8vtuy7.png./tFull log: local variable 'generic_exception' referenced before assignment
22:24:15,420 Preprocessing ERROR Cannot process imageacuglh.png./tFull log: local variable 'generic_exception' referenced before assignment
22:24:16,674 Preprocessing ERROR Cannot process image9tb5pq.png./tFull log: local variable 'generic_exception' referenced before assignment
22:24:17,949 Preprocessing ERROR Cannot process imagefbm5w.png./tFull log: local variable 'generic_exception' referenced before assignment
22:24:18,339 Preprocessing ERROR Cannot process image9xewmt.png./tFull log: local variable 'generic_exception' referenced before assignment
22:24:19,119 Preprocessing ERROR Cannot process image1s906g.png./tFull log: local variable 'generic_exception' referenced before assignment
22:24:21,315 Preprocessing ERROR Cannot process imagefbqea.png./tFull log: local variable 'generic_exception' referenced before assignment
22:24:21,379 Preprocessing ERROR Cannot process image9tdqh7.png./tFull log: local variable 'generic_exception' referenced before assignment
22:24:21,394 Preprocessing ERROR Cannot process imageacugq8.png./tFull log: local variable 'generic_exception' referenced before assignment
22:24:21,678 Preprocessing ERROR Cannot process image9tb5ta.png./tFull log: local variable 'generic_exception' referenced before assignment
22:24:21,683 Preprocessing ERROR Cannot process image8vtvsm.png./tFull log: local variable 'generic_exception' referenced before assignment
22:24:26,734 Preprocessing ERROR Cannot process imagefbu85.png./tFull log: local variable 'generic_exception' referenced before assignment
22:24:26,963 Preprocessing ERROR Cannot process image9xey0r.png./tFull log: local variable 'generic_exception' referenced before assignment
22:24:27,819 Preprocessing ERROR Cannot process image1s906t.png./tFull log: local variable 'generic_exception' referenced before assignment
22:24:30,29 Preprocessing ERROR Cannot process image9tdqun.png./tFull log: local variable 'generic_exception' referenced before assignment
22:24:30,40 Preprocessing ERROR Cannot process image9tb658.png./tFull log: local variable 'generic_exception' referenced before assignment
22:24:30,110 Preprocessing ERROR Cannot process image8vtwjl.png./tFull log: local variable 'generic_exception' referenced before assignment
22:24:30,661 Preprocessing ERROR Cannot process imageacugqm.png./tFull log: local variable 'generic_exception' referenced before assignment
22:24:32,111 Preprocessing ERROR Cannot process imagefbyt2.png./tFull log: local variable 'generic_exception' referenced before assignment
22:24:46,55 Preprocessing ERROR Cannot process image9tdr62.png./tFull log: local variable 'generic_exception' referenced before assignment
22:24:46,102 Preprocessing ERROR Cannot process imagenyinb.png./tFull log: local variable 'generic_exception' referenced before assignment
22:24:47,160 Preprocessing ERROR Cannot process imageacugyv.png./tFull log: local variable 'generic_exception' referenced before assignment
22:24:47,214 Preprocessing ERROR Cannot process image1s90a3.png./tFull log: local variable 'generic_exception' referenced before assignment
22:24:47,446 Preprocessing ERROR Cannot process image9xeyad.png./tFull log: local variable 'generic_exception' referenced before assignment
22:24:47,561 Preprocessing ERROR Cannot process image8vtx84.png./tFull log: local variable 'generic_exception' referenced before assignment
22:24:47,654 Preprocessing ERROR Cannot process image9tb661.png./tFull log: local variable 'generic_exception' referenced before assignment
22:24:49,161 Preprocessing ERROR Cannot process image9tb66p.png./tFull log: local variable 'generic_exception' referenced before assignment
22:24:49,192 Preprocessing ERROR Cannot process imagenymlg.png./tFull log: local variable 'generic_exception' referenced before assignment
22:24:49,214 Preprocessing ERROR Cannot process image1s90d7.png./tFull log: local variable 'generic_exception' referenced before assignment
22:24:49,277 Preprocessing ERROR Cannot process imagenypvh.png./tFull log: local variable 'generic_exception' referenced before assignment
22:24:49,287 Preprocessing ERROR Cannot process image8vty0w.png./tFull log: local variable 'generic_exception' referenced before assignment
22:24:49,306 Preprocessing ERROR Cannot process image9tb6c5.png./tFull log: local variable 'generic_exception' referenced before assignment
22:24:49,319 Preprocessing ERROR Cannot process imageacuh24.png./tFull log: local variable 'generic_exception' referenced before assignment
22:24:49,343 Preprocessing ERROR Cannot process image1s90ek.png./tFull log: local variable 'generic_exception' referenced before assignment
22:24:49,355 Preprocessing ERROR Cannot process image9xeyb6.png./tFull log: local variable 'generic_exception' referenced before assignment
22:24:49,446 Preprocessing ERROR Cannot process imagenyu5c.png./tFull log: local variable 'generic_exception' referenced before assignment
22:24:49,471 Preprocessing ERROR Cannot process image1s90hw.png./tFull log: local variable 'generic_exception' referenced before assignment
22:24:49,511 Preprocessing ERROR Cannot process imageacuh3w.png./tFull log: local variable 'generic_exception' referenced before assignment
22:24:49,535 Preprocessing ERROR Cannot process imagenyy2y.png./tFull log: local variable 'generic_exception' referenced before assignment
22:24:49,613 Preprocessing ERROR Cannot process image9tdrbw.png./tFull log: local variable 'generic_exception' referenced before assignment
22:24:49,625 Preprocessing ERROR Cannot process imagenzmb9.png./tFull log: local variable 'generic_exception' referenced before assignment
22:24:49,642 Preprocessing ERROR Cannot process image9t6fem.png./tFull log: local variable 'generic_exception' referenced before assignment
22:24:49,693 Preprocessing ERROR Cannot process image9xeyln.png./tFull log: local variable 'generic_exception' referenced before assignment
22:24:49,775 Preprocessing ERROR Cannot process imageacuh54.png./tFull log: local variable 'generic_exception' referenced before assignment
22:24:49,803 Preprocessing ERROR Cannot process image9tb6go.png./tFull log: local variable 'generic_exception' referenced before assignment
22:24:50,410 Preprocessing ERROR Cannot process image8vty1w.png./tFull log: local variable 'generic_exception' referenced before assignment
22:24:51,947 Preprocessing ERROR Cannot process image3m3zvs.png./tFull log: local variable 'generic_exception' referenced before assignment
22:24:56,391 Preprocessing ERROR Cannot process image8vty7c.png./tFull log: local variable 'generic_exception' referenced before assignment
22:24:57,185 Preprocessing ERROR Cannot process image9t6fig.png./tFull log: unhashable type: 'PngImageFile'
22:24:57,185 Preprocessing ERROR Cannot process image9xezc4.png./tFull log: unhashable type: 'PngImageFile'
22:24:58,270 Preprocessing ERROR Cannot process image9tb6ll.png./tFull log: unhashable type: 'PngImageFile'
22:24:58,271 Preprocessing ERROR Cannot process image9tdrcm.png./tFull log: unhashable type: 'PngImageFile'
22:24:58,271 Preprocessing ERROR Cannot process imagead5r5b.png./tFull log: unhashable type: 'PngImageFile'
22:24:59,411 Preprocessing ERROR Cannot process imagenzsve.png./tFull log: unhashable type: 'PngImageFile'
22:25:13,702 Preprocessing ERROR Cannot process image9tds14.png./tFull log: local variable 'generic_exception' referenced before assignment
22:25:14,648 Preprocessing ERROR Cannot process imagenzy9r.png./tFull log: local variable 'generic_exception' referenced before assignment
22:25:16,528 Preprocessing ERROR Cannot process image9xezdw.png./tFull log: local variable 'generic_exception' referenced before assignment
22:25:17,148 Preprocessing ERROR Cannot process imagead5r7m.png./tFull log: local variable 'generic_exception' referenced before assignment
22:25:18,266 Preprocessing ERROR Cannot process image9t6g3t.png./tFull log: local variable 'generic_exception' referenced before assignment
22:25:18,591 Preprocessing ERROR Cannot process image9tb74o.png./tFull log: local variable 'generic_exception' referenced before assignment
